<?xml version="1.0" encoding="UTF-8"?>
<testrun name="TowerTest" project="ElementalTowerDefense" tests="9" started="9" failures="1" errors="0" ignored="0">
  <testsuite name="TowerTest" time="0.01">
    <testcase name="testCorrectSpawnPlacement" classname="TowerTest" time="0.0"/>
    <testcase name="testTowersAreAvailable" classname="TowerTest" time="0.0"/>
    <testcase name="testStartingLevelIsCorrect" classname="TowerTest" time="0.0"/>
    <testcase name="testCanGetElement" classname="TowerTest" time="0.0"/>
    <testcase name="testIDIsIncremented" classname="TowerTest" time="0.001"/>
    <testcase name="testNameisCorrect" classname="TowerTest" time="0.0"/>
    <testcase name="testSpeedIsCorrect" classname="TowerTest" time="0.006">
      <failure>java.lang.AssertionError: Use assertEquals(expected, actual, delta) to compare floating-point numbers
	at org.junit.Assert.fail(Assert.java:91)
	at org.junit.Assert.assertEquals(Assert.java:464)
	at org.junit.Assert.assertEquals(Assert.java:453)
	at TowerTest.testSpeedIsCorrect(TowerTest.java:79)
	at sun.reflect.NativeMethodAccessorImpl.invoke0(Native Method)
	at sun.reflect.NativeMethodAccessorImpl.invoke(Unknown Source)
	at sun.reflect.DelegatingMethodAccessorImpl.invoke(Unknown Source)
	at java.lang.reflect.Method.invoke(Unknown Source)
	at org.junit.runners.model.FrameworkMethod$1.runReflectiveCall(FrameworkMethod.java:44)
	at org.junit.internal.runners.model.ReflectiveCallable.run(ReflectiveCallable.java:15)
	at org.junit.runners.model.FrameworkMethod.invokeExplosively(FrameworkMethod.java:41)
	at org.junit.internal.runners.statements.InvokeMethod.evaluate(InvokeMethod.java:20)
	at org.junit.internal.runners.statements.RunBefores.evaluate(RunBefores.java:28)
	at org.junit.internal.runners.statements.RunAfters.evaluate(RunAfters.java:31)
	at org.junit.runners.BlockJUnit4ClassRunner.runChild(BlockJUnit4ClassRunner.java:73)
	at org.junit.runners.BlockJUnit4ClassRunner.runChild(BlockJUnit4ClassRunner.java:46)
	at org.junit.runners.ParentRunner.runChildren(ParentRunner.java:180)
	at org.junit.runners.ParentRunner.access$000(ParentRunner.java:41)
	at org.junit.runners.ParentRunner$1.evaluate(ParentRunner.java:173)
	at org.junit.internal.runners.statements.RunBefores.evaluate(RunBefores.java:28)
	at org.junit.internal.runners.statements.RunAfters.evaluate(RunAfters.java:31)
	at org.junit.runners.ParentRunner.run(ParentRunner.java:220)
	at org.eclipse.jdt.internal.junit4.runner.JUnit4TestReference.run(JUnit4TestReference.java:46)
	at org.eclipse.jdt.internal.junit.runner.TestExecution.run(TestExecution.java:38)
	at org.eclipse.jdt.internal.junit.runner.RemoteTestRunner.runTests(RemoteTestRunner.java:467)
	at org.eclipse.jdt.internal.junit.runner.RemoteTestRunner.runTests(RemoteTestRunner.java:683)
	at org.eclipse.jdt.internal.junit.runner.RemoteTestRunner.run(RemoteTestRunner.java:390)
	at org.eclipse.jdt.internal.junit.runner.RemoteTestRunner.main(RemoteTestRunner.java:197)

</failure>
    </testcase>
    <testcase name="testCostIsCorrect" classname="TowerTest" time="0.001"/>
    <testcase name="testUpgradeWorkds" classname="TowerTest" time="0.002"/>
  </testsuite>
</testrun>
